Generated at Wed Apr 09 07:14:02 -0400 2014
ArgumentError: Invalid only_if/not_if command: true (TrueClass)
/usr/lib/ruby/gems/1.8/gems/chef-11.10.4/bin/../lib/chef/resource/conditional.rb:56:in `initialize'
/usr/lib/ruby/gems/1.8/gems/chef-11.10.4/bin/../lib/chef/resource/conditional.rb:37:in `new'
/usr/lib/ruby/gems/1.8/gems/chef-11.10.4/bin/../lib/chef/resource/conditional.rb:37:in `only_if'
/usr/lib/ruby/gems/1.8/gems/chef-11.10.4/bin/../lib/chef/resource.rb:553:in `only_if'
/root/chef/cookbooks/maxmem/recipes/default.rb:8:in `from_file'
/usr/lib/ruby/gems/1.8/gems/chef-11.10.4/bin/../lib/chef/dsl/recipe.rb:123:in `instance_eval'
/usr/lib/ruby/gems/1.8/gems/chef-11.10.4/bin/../lib/chef/dsl/recipe.rb:123:in `build_resource'
/usr/lib/ruby/gems/1.8/gems/chef-11.10.4/bin/../lib/chef/dsl/recipe.rb:86:in `declare_resource'
/usr/lib/ruby/gems/1.8/gems/chef-11.10.4/bin/../lib/chef/dsl/recipe.rb:42:in `method_missing'
/root/chef/cookbooks/maxmem/recipes/default.rb:6:in `from_file'
/usr/lib/ruby/gems/1.8/gems/chef-11.10.4/bin/../lib/chef/cookbook_version.rb:237:in `load_recipe'
/usr/lib/ruby/gems/1.8/gems/chef-11.10.4/bin/../lib/chef/run_context.rb:151:in `load_recipe'
/usr/lib/ruby/gems/1.8/gems/chef-11.10.4/bin/../lib/chef/run_context/cookbook_compiler.rb:139:in `compile_recipes'
/usr/lib/ruby/gems/1.8/gems/chef-11.10.4/bin/../lib/chef/run_context/cookbook_compiler.rb:137:in `each'
/usr/lib/ruby/gems/1.8/gems/chef-11.10.4/bin/../lib/chef/run_context/cookbook_compiler.rb:137:in `compile_recipes'
/usr/lib/ruby/gems/1.8/gems/chef-11.10.4/bin/../lib/chef/run_context/cookbook_compiler.rb:74:in `compile'
/usr/lib/ruby/gems/1.8/gems/chef-11.10.4/bin/../lib/chef/run_context.rb:86:in `load'
/usr/lib/ruby/gems/1.8/gems/chef-11.10.4/bin/../lib/chef/policy_builder/expand_node_object.rb:75:in `setup_run_context'
/usr/lib/ruby/gems/1.8/gems/chef-11.10.4/bin/../lib/chef/client.rb:252:in `setup_run_context'
/usr/lib/ruby/gems/1.8/gems/chef-11.10.4/bin/../lib/chef/client.rb:413:in `do_run'
/usr/lib/ruby/gems/1.8/gems/chef-11.10.4/bin/../lib/chef/client.rb:200:in `run'
/usr/lib/ruby/gems/1.8/gems/chef-11.10.4/bin/../lib/chef/client.rb:194:in `fork'
/usr/lib/ruby/gems/1.8/gems/chef-11.10.4/bin/../lib/chef/client.rb:194:in `run'
/usr/lib/ruby/gems/1.8/gems/chef-11.10.4/bin/../lib/chef/application.rb:215:in `run_chef_client'
/usr/lib/ruby/gems/1.8/gems/chef-11.10.4/bin/../lib/chef/application/solo.rb:221:in `run_application'
/usr/lib/ruby/gems/1.8/gems/chef-11.10.4/bin/../lib/chef/application/solo.rb:213:in `loop'
/usr/lib/ruby/gems/1.8/gems/chef-11.10.4/bin/../lib/chef/application/solo.rb:213:in `run_application'
/usr/lib/ruby/gems/1.8/gems/chef-11.10.4/bin/../lib/chef/application.rb:66:in `run'
/usr/lib/ruby/gems/1.8/gems/chef-11.10.4/bin/chef-solo:25
/usr/bin/chef-solo:19:in `load'
/usr/bin/chef-solo:19