Generated at Wed Apr 09 10:08:37 -0400 2014
Chef::Exceptions::Service: service[nginx] (nginx_src::default line 37) had an error: Chef::Exceptions::Service: service[nginx]: unable to locate the init.d script!
/usr/lib/ruby/gems/1.8/gems/chef-11.10.4/bin/../lib/chef/mixin/why_run.rb:241:in `run'
/usr/lib/ruby/gems/1.8/gems/chef-11.10.4/bin/../lib/chef/mixin/why_run.rb:322:in `run'
/usr/lib/ruby/gems/1.8/gems/chef-11.10.4/bin/../lib/chef/mixin/why_run.rb:321:in `each'
/usr/lib/ruby/gems/1.8/gems/chef-11.10.4/bin/../lib/chef/mixin/why_run.rb:321:in `run'
/usr/lib/ruby/gems/1.8/gems/chef-11.10.4/bin/../lib/chef/provider.rb:134:in `process_resource_requirements'
/usr/lib/ruby/gems/1.8/gems/chef-11.10.4/bin/../lib/chef/provider.rb:110:in `run_action'
/usr/lib/ruby/gems/1.8/gems/chef-11.10.4/bin/../lib/chef/resource.rb:625:in `run_action'
/usr/lib/ruby/gems/1.8/gems/chef-11.10.4/bin/../lib/chef/runner.rb:49:in `run_action'
/usr/lib/ruby/gems/1.8/gems/chef-11.10.4/bin/../lib/chef/runner.rb:81:in `converge'
/usr/lib/ruby/gems/1.8/gems/chef-11.10.4/bin/../lib/chef/runner.rb:81:in `each'
/usr/lib/ruby/gems/1.8/gems/chef-11.10.4/bin/../lib/chef/runner.rb:81:in `converge'
/usr/lib/ruby/gems/1.8/gems/chef-11.10.4/bin/../lib/chef/resource_collection.rb:98:in `execute_each_resource'
/usr/lib/ruby/gems/1.8/gems/chef-11.10.4/bin/../lib/chef/resource_collection/stepable_iterator.rb:116:in `call'
/usr/lib/ruby/gems/1.8/gems/chef-11.10.4/bin/../lib/chef/resource_collection/stepable_iterator.rb:116:in `call_iterator_block'
/usr/lib/ruby/gems/1.8/gems/chef-11.10.4/bin/../lib/chef/resource_collection/stepable_iterator.rb:85:in `step'
/usr/lib/ruby/gems/1.8/gems/chef-11.10.4/bin/../lib/chef/resource_collection/stepable_iterator.rb:104:in `iterate'
/usr/lib/ruby/gems/1.8/gems/chef-11.10.4/bin/../lib/chef/resource_collection/stepable_iterator.rb:55:in `each_with_index'
/usr/lib/ruby/gems/1.8/gems/chef-11.10.4/bin/../lib/chef/resource_collection.rb:96:in `execute_each_resource'
/usr/lib/ruby/gems/1.8/gems/chef-11.10.4/bin/../lib/chef/runner.rb:80:in `converge'
/usr/lib/ruby/gems/1.8/gems/chef-11.10.4/bin/../lib/chef/client.rb:335:in `converge'
/usr/lib/ruby/gems/1.8/gems/chef-11.10.4/bin/../lib/chef/client.rb:415:in `do_run'
/usr/lib/ruby/gems/1.8/gems/chef-11.10.4/bin/../lib/chef/client.rb:200:in `run'
/usr/lib/ruby/gems/1.8/gems/chef-11.10.4/bin/../lib/chef/client.rb:194:in `fork'
/usr/lib/ruby/gems/1.8/gems/chef-11.10.4/bin/../lib/chef/client.rb:194:in `run'
/usr/lib/ruby/gems/1.8/gems/chef-11.10.4/bin/../lib/chef/application.rb:215:in `run_chef_client'
/usr/lib/ruby/gems/1.8/gems/chef-11.10.4/bin/../lib/chef/application/solo.rb:221:in `run_application'
/usr/lib/ruby/gems/1.8/gems/chef-11.10.4/bin/../lib/chef/application/solo.rb:213:in `loop'
/usr/lib/ruby/gems/1.8/gems/chef-11.10.4/bin/../lib/chef/application/solo.rb:213:in `run_application'
/usr/lib/ruby/gems/1.8/gems/chef-11.10.4/bin/../lib/chef/application.rb:66:in `run'
/usr/lib/ruby/gems/1.8/gems/chef-11.10.4/bin/chef-solo:25
/usr/bin/chef-solo:19:in `load'
/usr/bin/chef-solo:19